Arguments: 
  C:\Program Files\nodejs\node.exe C:\Users\sesaia\AppData\Roaming\npm\node_modules\yarn\bin\yarn.js

PATH: 
  C:\Users\sesaia\bin;C:\Program Files\Git\mingw64\bin;C:\Program Files\Git\usr\local\bin;C:\Program Files\Git\usr\bin;C:\Program Files\Git\usr\bin;C:\Program Files\Git\mingw64\bin;C:\Program Files\Git\usr\bin;C:\Users\sesaia\bin;C:\Python27;C:\Python27\Scripts;C:\Program Files\Common Files\Oracle\Java\javapath;C:\Program Files\Microsoft\jdk-11.0.12.7-hotspot\bin;C:\Program Files (x86)\Intel\iCLS Client;C:\Program Files\Intel\iCLS Client;C:\WINDOWS\system32;C:\WINDOWS;C:\WINDOWS\System32\Wbem;C:\WINDOWS\System32\WindowsPowerShell\v1.0;C:\WINDOWS\System32\OpenSSH;C:\Program Files\dotnet;C:\Program Files (x86)\Intel\Intel(R) Management Engine Components\DAL;C:\Program Files\Intel\Intel(R) Management Engine Components\DAL;C:\Program Files (x86)\Intel\Intel(R) Management Engine Components\IPT;C:\Program Files\Intel\Intel(R) Management Engine Components\IPT;C:\Program Files\Microsoft\jdk-11.0.12.7-hotspot\bin;C:\ProgramData\chocolatey\bin;C:\Users\sesaia\gradle\bin;C:\Users\sesaia\AppData\Local\Android\Sdk;C:\Program Files\Git\cmd;C:\Program Files\nodejs;C:\Users\sesaia\AppData\Local\Microsoft\WindowsApps;C:\Program Files\Microsoft\jdk-11.0.12.7-hotspot\bin;C:\Users\sesaia\flutter\bin;C:\Users\sesaia\.dotnet\tools;C:\Users\sesaia\AppData\Local\Android\Sdk;C:\Users\sesaia\AppData\Roaming\npm;C:\Users\sesaia\AppData\Local\Programs\Microsoft VS Code\bin;C:\Program Files\Git\usr\bin\vendor_perl;C:\Program Files\Git\usr\bin\core_perl

Yarn version: 
  1.22.19

Node version: 
  16.17.0

Platform: 
  win32 x64

Trace: 
  SyntaxError: D:\devswap\cube-web3-connector\package.json: Unexpected string in JSON at position 404
      at JSON.parse (<anonymous>)
      at C:\Users\sesaia\AppData\Roaming\npm\node_modules\yarn\lib\cli.js:1629:59
      at Generator.next (<anonymous>)
      at step (C:\Users\sesaia\AppData\Roaming\npm\node_modules\yarn\lib\cli.js:310:30)
      at C:\Users\sesaia\AppData\Roaming\npm\node_modules\yarn\lib\cli.js:321:13

npm manifest: 
  {
    "name": "@cube-chain/cube-connector",
    "publishConfig": {
      "access": "public"
    },
    "version": "1.0.3",
    "description": "A simple, maximally extensible, dependency minimized framework for building modern Cube dApps",
    "keywords": [
      "react",
      "hooks",
      "ethereum",
      "javascript",
      "typescript",
      "web3",
      "context",
      "frontend",
      "dapp",
      "metamask",
      "cube"
  	"cubeswap"
    ],
    "repository": {
      "type": "git",
      "url": "https://github.com/Cubeswap-exchange/cube-web3-connector.git"
    },
    "main": "dist/index.js",
    "module": "dist/web3-connector.esm.js",
    "typings": "dist/index.d.ts",
    "files": [
      "dist"
    ],
    "scripts": {
      "start": "tsdx watch",
      "build": "tsdx build",
      "lint": "tsdx lint src",
      "semantic-release": "semantic-release"
    },
    "dependencies": {
      "@web3-react/abstract-connector": "^6.0.7",
      "@web3-react/types": "^6.0.7",
      "tiny-warning": "^1.0.3"
    },
    "license": "GPL-3.0-or-later",
    "devDependencies": {
      "semantic-release": "^17.2.2",
      "tsdx": "^0.14.1",
      "tslib": "^2.0.3"
    }
  }

yarn manifest: 
  No manifest

Lockfile: 
  No lockfile
